<?xml version="1.0" encoding="UTF-8"?>
<!-- Generated by org.testng.reporters.JUnitXMLReporter -->
<testsuite ignored="0" hostname="DESKTOP-468S6OP" failures="0" tests="12" name="Test" time="233.113" errors="0" timestamp="2021-12-11T09:26:07 IST">
  <testcase classname="Tests.LoginTest" name="subscribeNewsLetter" time="2.24"/>
  <testcase classname="Tests.LoginTest" name="login" time="0.571"/>
  <testcase classname="Tests.EmployeeTest" name="employeeCreation" time="4.995"/>
  <testcase classname="Tests.Multipletabs" name="multipleTabs" time="8.349"/>
  <testcase classname="Tests.MenuTest" name="singleMenu" time="24.488"/>
  <testcase classname="Tests.Autocompletest" name="complete" time="23.102"/>
  <testcase classname="Tests.CollapsibleTest" name="collapsibleContent" time="14.277"/>
  <testcase classname="Tests.ImagesTest" name="upload" time="1.011"/>
  <testcase classname="Tests.SliderTest" name="sliding" time="3.105"/>
  <testcase classname="Tests.ToolTipTest" name="toolTip" time="0.811"/>
  <testcase classname="Tests.PopupsTest" name="popupone" time="79.217"/>
  <testcase classname="Tests.LinksTest" name="linksmet" time="60.066"/>
</testsuite> <!-- Test -->
